mode: set
github.com/tyler-smith/env/env.go:12.55,14.15 2 1
github.com/tyler-smith/env/env.go:17.2,17.12 1 1
github.com/tyler-smith/env/env.go:14.15,16.3 1 1
github.com/tyler-smith/env/env.go:22.61,24.15 2 1
github.com/tyler-smith/env/env.go:27.2,27.38 1 1
github.com/tyler-smith/env/env.go:24.15,26.3 1 1
github.com/tyler-smith/env/env.go:32.57,35.2 2 1
github.com/tyler-smith/env/env.go:39.58,41.15 2 1
github.com/tyler-smith/env/env.go:44.2,44.31 1 1
github.com/tyler-smith/env/env.go:41.15,43.3 1 1
github.com/tyler-smith/env/env.go:49.67,51.15 2 1
github.com/tyler-smith/env/env.go:54.2,54.36 1 1
github.com/tyler-smith/env/env.go:51.15,53.3 1 1
github.com/tyler-smith/env/env.go:59.67,61.15 2 1
github.com/tyler-smith/env/env.go:65.2,66.16 2 1
github.com/tyler-smith/env/env.go:70.2,70.24 1 1
github.com/tyler-smith/env/env.go:61.15,63.3 1 1
github.com/tyler-smith/env/env.go:66.16,68.3 1 0
github.com/tyler-smith/env/env.go:75.73,77.15 2 1
github.com/tyler-smith/env/env.go:81.2,81.38 1 1
github.com/tyler-smith/env/env.go:77.15,79.3 1 1
github.com/tyler-smith/env/env.go:86.64,88.15 2 1
github.com/tyler-smith/env/env.go:91.2,91.32 1 1
github.com/tyler-smith/env/env.go:88.15,90.3 1 1
github.com/tyler-smith/env/env.go:96.58,98.15 2 1
github.com/tyler-smith/env/env.go:101.2,101.20 1 1
github.com/tyler-smith/env/env.go:98.15,100.3 1 1
